start: s
accept: ac
reject: rj
blank: _

s 0 -> help1 0 <
s 1 -> help1 1 <
s 2 -> help1 2 <

help1 _ -> help2 # <
help2 _ -> skip 0 >

skip # -> skip # >
skip 0 -> skip 0 >
skip 1 -> skip 1 >
skip 2 -> skip 2 >
skip _ -> sub _ <

sub 0 -> sub 2 <
sub 1 -> ret 0 <
sub 2 -> ret 1 <
sub # -> fill $ >

add _ -> skip 1 >
add 0 -> skip 1 >
add 1 -> add 0 <

ret 0 -> ret 0 <
ret 1 -> ret 1 <
ret 2 -> ret 2 <
ret # -> add # <

fill 2 -> fill $ >
fill _ -> clean _ <

clean $ -> clean _ <
clean 0 -> clean 0 <
clean 1 -> clean 1 <
clean _ -> ac _ >
